This file contains any messages produced by compilers while
running configure, to aid debugging if configure makes a mistake.

It was created by libqhyccd configure 0.1.0, which was
generated by GNU Autoconf 2.65.  Invocation command line was

  $ ./configure --prefix=/usr

## --------- ##
## Platform. ##
## --------- ##

hostname = aaa-virtual-machine
uname -m = i686
uname -r = 3.2.0-29-generic-pae
uname -s = Linux
uname -v = #46-Ubuntu SMP Fri Jul 27 17:25:43 UTC 2012

/usr/bin/uname -p = unknown
/bin/uname -X     = unknown

/bin/arch              = unknown
/usr/bin/arch -k       = unknown
/usr/convex/getsysinfo = unknown
/usr/bin/hostinfo      = unknown
/bin/machine           = unknown
/usr/bin/oslevel       = unknown
/bin/universe          = unknown

PATH: /usr/local/sbin
PATH: /usr/local/bin
PATH: /usr/sbin
PATH: /usr/bin
PATH: /sbin
PATH: /bin
PATH: /usr/games


## ----------- ##
## Core tests. ##
## ----------- ##

configure:2452: checking for a BSD-compatible install
configure:2520: result: /usr/bin/install -c
configure:2531: checking whether build environment is sane
configure:2581: result: yes
configure:2722: checking for a thread-safe mkdir -p
configure:2761: result: /bin/mkdir -p
configure:2774: checking for gawk
configure:2790: found /usr/bin/gawk
configure:2801: result: gawk
configure:2812: checking whether make sets $(MAKE)
configure:2834: result: yes
configure:2968: checking for gcc
configure:2984: found /usr/bin/gcc
configure:2995: result: gcc
configure:3224: checking for C compiler version
configure:3233: gcc --version >&5
gcc (Ubuntu/Linaro 4.6.3-1ubuntu5) 4.6.3
Copyright (C) 2011 Free Software Foundation, Inc.
This is free software; see the source for copying conditions.  There is NO
warranty; not even for MERCHANTABILITY or FITNESS FOR A PARTICULAR PURPOSE.

configure:3244: $? = 0
configure:3233: gcc -v >&5
Using built-in specs.
COLLECT_GCC=gcc
COLLECT_LTO_WRAPPER=/usr/lib/gcc/i686-linux-gnu/4.6/lto-wrapper
Target: i686-linux-gnu
Configured with: ../src/configure -v --with-pkgversion='Ubuntu/Linaro 4.6.3-1ubuntu5' --with-bugurl=file:///usr/share/doc/gcc-4.6/README.Bugs --enable-languages=c,c++,fortran,objc,obj-c++ --prefix=/usr --program-suffix=-4.6 --enable-shared --enable-linker-build-id --with-system-zlib --libexecdir=/usr/lib --without-included-gettext --enable-threads=posix --with-gxx-include-dir=/usr/include/c++/4.6 --libdir=/usr/lib --enable-nls --with-sysroot=/ --enable-clocale=gnu --enable-libstdcxx-debug --enable-libstdcxx-time=yes --enable-gnu-unique-object --enable-plugin --enable-objc-gc --enable-targets=all --disable-werror --with-arch-32=i686 --with-tune=generic --enable-checking=release --build=i686-linux-gnu --host=i686-linux-gnu --target=i686-linux-gnu
Thread model: posix
gcc version 4.6.3 (Ubuntu/Linaro 4.6.3-1ubuntu5) 
configure:3244: $? = 0
configure:3233: gcc -V >&5
gcc: error: unrecognized option '-V'
gcc: fatal error: no input files
compilation terminated.
configure:3244: $? = 4
configure:3233: gcc -qversion >&5
gcc: error: unrecognized option '-qversion'
gcc: fatal error: no input files
compilation terminated.
configure:3244: $? = 4
configure:3264: checking whether the C compiler works
configure:3286: gcc    conftest.c  >&5
configure:3290: $? = 0
configure:3339: result: yes
configure:3342: checking for C compiler default output file name
configure:3344: result: a.out
configure:3350: checking for suffix of executables
configure:3357: gcc -o conftest    conftest.c  >&5
configure:3361: $? = 0
configure:3383: result: 
configure:3405: checking whether we are cross compiling
configure:3413: gcc -o conftest    conftest.c  >&5
configure:3417: $? = 0
configure:3424: ./conftest
configure:3428: $? = 0
configure:3443: result: no
configure:3448: checking for suffix of object files
configure:3470: gcc -c   conftest.c >&5
configure:3474: $? = 0
configure:3495: result: o
configure:3499: checking whether we are using the GNU C compiler
configure:3518: gcc -c   conftest.c >&5
configure:3518: $? = 0
configure:3527: result: yes
configure:3536: checking whether gcc accepts -g
configure:3556: gcc -c -g  conftest.c >&5
configure:3556: $? = 0
configure:3597: result: yes
configure:3614: checking for gcc option to accept ISO C89
configure:3678: gcc  -c -g -O2  conftest.c >&5
configure:3678: $? = 0
configure:3691: result: none needed
configure:3722: checking for style of include used by make
configure:3750: result: GNU
configure:3775: checking dependency style of gcc
configure:3885: result: gcc3
configure:3929: checking build system type
configure:3943: result: i686-pc-linux-gnu
configure:3963: checking host system type
configure:3976: result: i686-pc-linux-gnu
configure:3996: checking for a sed that does not truncate output
configure:4060: result: /bin/sed
configure:4078: checking for grep that handles long lines and -e
configure:4136: result: /bin/grep
configure:4141: checking for egrep
configure:4203: result: /bin/grep -E
configure:4208: checking for fgrep
configure:4270: result: /bin/grep -F
configure:4305: checking for ld used by gcc
configure:4372: result: /usr/bin/ld
configure:4379: checking if the linker (/usr/bin/ld) is GNU ld
configure:4394: result: yes
configure:4406: checking for BSD- or MS-compatible name lister (nm)
configure:4455: result: /usr/bin/nm -B
configure:4573: checking the name lister (/usr/bin/nm -B) interface
configure:4580: gcc -c -g -O2  conftest.c >&5
configure:4583: /usr/bin/nm -B "conftest.o"
configure:4586: output
00000000 B some_variable
configure:4593: result: BSD nm
configure:4596: checking whether ln -s works
configure:4600: result: yes
configure:4608: checking the maximum length of command line arguments
configure:4728: result: 1572864
configure:4745: checking whether the shell understands some XSI constructs
configure:4755: result: yes
configure:4759: checking whether the shell understands "+="
configure:4765: result: yes
configure:4800: checking for /usr/bin/ld option to reload object files
configure:4807: result: -r
configure:4876: checking for objdump
configure:4892: found /usr/bin/objdump
configure:4903: result: objdump
configure:4935: checking how to recognize dependent libraries
configure:5131: result: pass_all
configure:5191: checking for ar
configure:5207: found /usr/bin/ar
configure:5218: result: ar
configure:5296: checking for strip
configure:5312: found /usr/bin/strip
configure:5323: result: strip
configure:5395: checking for ranlib
configure:5411: found /usr/bin/ranlib
configure:5422: result: ranlib
configure:5512: checking command to parse /usr/bin/nm -B output from gcc object
configure:5630: gcc -c -g -O2  conftest.c >&5
configure:5633: $? = 0
configure:5637: /usr/bin/nm -B conftest.o \| sed -n -e 's/^.*[	 ]\([ABCDGIRSTW][ABCDGIRSTW]*\)[	 ][	 ]*\([_A-Za-z][_A-Za-z0-9]*\)$/\1 \2 \2/p' \> conftest.nm
configure:5640: $? = 0
configure:5694: gcc -o conftest -g -O2   conftest.c conftstm.o >&5
configure:5697: $? = 0
configure:5735: result: ok
configure:6544: checking how to run the C preprocessor
configure:6575: gcc -E  conftest.c
configure:6575: $? = 0
configure:6589: gcc -E  conftest.c
conftest.c:11:28: fatal error: ac_nonexistent.h: No such file or directory
compilation terminated.
configure:6589: $? = 1
configure: failed program was:
| /* confdefs.h */
| #define PACKAGE_NAME "libqhyccd"
| #define PACKAGE_TARNAME "libqhyccd"
| #define PACKAGE_VERSION "0.1.0"
| #define PACKAGE_STRING "libqhyccd 0.1.0"
| #define PACKAGE_BUGREPORT "yangxudong.cn@gmail.com"
| #define PACKAGE_URL ""
| #define PACKAGE "libqhyccd"
| #define VERSION "0.1.0"
| /* end confdefs.h.  */
| #include <ac_nonexistent.h>
configure:6614: result: gcc -E
configure:6634: gcc -E  conftest.c
configure:6634: $? = 0
configure:6648: gcc -E  conftest.c
conftest.c:11:28: fatal error: ac_nonexistent.h: No such file or directory
compilation terminated.
configure:6648: $? = 1
configure: failed program was:
| /* confdefs.h */
| #define PACKAGE_NAME "libqhyccd"
| #define PACKAGE_TARNAME "libqhyccd"
| #define PACKAGE_VERSION "0.1.0"
| #define PACKAGE_STRING "libqhyccd 0.1.0"
| #define PACKAGE_BUGREPORT "yangxudong.cn@gmail.com"
| #define PACKAGE_URL ""
| #define PACKAGE "libqhyccd"
| #define VERSION "0.1.0"
| /* end confdefs.h.  */
| #include <ac_nonexistent.h>
configure:6677: checking for ANSI C header files
configure:6697: gcc -c -g -O2  conftest.c >&5
configure:6697: $? = 0
configure:6770: gcc -o conftest -g -O2   conftest.c  >&5
configure:6770: $? = 0
configure:6770: ./conftest
configure:6770: $? = 0
configure:6781: result: yes
configure:6794: checking for sys/types.h
configure:6794: gcc -c -g -O2  conftest.c >&5
configure:6794: $? = 0
configure:6794: result: yes
configure:6794: checking for sys/stat.h
configure:6794: gcc -c -g -O2  conftest.c >&5
configure:6794: $? = 0
configure:6794: result: yes
configure:6794: checking for stdlib.h
configure:6794: gcc -c -g -O2  conftest.c >&5
configure:6794: $? = 0
configure:6794: result: yes
configure:6794: checking for string.h
configure:6794: gcc -c -g -O2  conftest.c >&5
configure:6794: $? = 0
configure:6794: result: yes
configure:6794: checking for memory.h
configure:6794: gcc -c -g -O2  conftest.c >&5
configure:6794: $? = 0
configure:6794: result: yes
configure:6794: checking for strings.h
configure:6794: gcc -c -g -O2  conftest.c >&5
configure:6794: $? = 0
configure:6794: result: yes
configure:6794: checking for inttypes.h
configure:6794: gcc -c -g -O2  conftest.c >&5
configure:6794: $? = 0
configure:6794: result: yes
configure:6794: checking for stdint.h
configure:6794: gcc -c -g -O2  conftest.c >&5
configure:6794: $? = 0
configure:6794: result: yes
configure:6794: checking for unistd.h
configure:6794: gcc -c -g -O2  conftest.c >&5
configure:6794: $? = 0
configure:6794: result: yes
configure:6809: checking for dlfcn.h
configure:6809: gcc -c -g -O2  conftest.c >&5
configure:6809: $? = 0
configure:6809: result: yes
configure:6993: checking for objdir
configure:7008: result: .libs
configure:7304: checking if gcc supports -fno-rtti -fno-exceptions
configure:7322: gcc -c -g -O2  -fno-rtti -fno-exceptions conftest.c >&5
cc1: warning: command line option '-fno-rtti' is valid for C++/ObjC++ but not for C [enabled by default]
configure:7326: $? = 0
configure:7339: result: no
configure:7359: checking for gcc option to produce PIC
configure:7631: result: -fPIC -DPIC
configure:7643: checking if gcc PIC flag -fPIC -DPIC works
configure:7661: gcc -c -g -O2  -fPIC -DPIC -DPIC conftest.c >&5
configure:7665: $? = 0
configure:7678: result: yes
configure:7702: checking if gcc static flag -static works
configure:7730: result: yes
configure:7745: checking if gcc supports -c -o file.o
configure:7766: gcc -c -g -O2  -o out/conftest2.o conftest.c >&5
configure:7770: $? = 0
configure:7792: result: yes
configure:7800: checking if gcc supports -c -o file.o
configure:7847: result: yes
configure:7880: checking whether the gcc linker (/usr/bin/ld) supports shared libraries
configure:8871: result: yes
configure:8908: checking whether -lc should be explicitly linked in
configure:8913: gcc -c -g -O2  conftest.c >&5
configure:8916: $? = 0
configure:8931: gcc -shared conftest.o  -v -Wl,-soname -Wl,conftest -o conftest 2\>\&1 \| /bin/grep  -lc  \>/dev/null 2\>\&1
configure:8934: $? = 0
configure:8946: result: no
configure:9110: checking dynamic linker characteristics
configure:9543: gcc -o conftest -g -O2   -Wl,-rpath -Wl,/foo conftest.c  >&5
configure:9543: $? = 0
configure:9773: result: GNU/Linux ld.so
configure:9875: checking how to hardcode library paths into programs
configure:9900: result: immediate
configure:10420: checking whether stripping libraries is possible
configure:10425: result: yes
configure:10460: checking if libtool supports shared libraries
configure:10462: result: yes
configure:10465: checking whether to build shared libraries
configure:10486: result: yes
configure:10489: checking whether to build static libraries
configure:10493: result: yes
configure:10531: checking for /sbin/fxload
configure:10544: result: yes
configure:10555: checking for libusb_init in -lusb
configure:10580: gcc -o conftest -g -O2   conftest.c -lusb   >&5
/tmp/ccnZ3wjj.o: In function `main':
/opt/QHYCCD/QHYCCD_Linux/conftest.c:34: undefined reference to `libusb_init'
collect2: ld returned 1 exit status
configure:10580: $? = 1
configure: failed program was:
| /* confdefs.h */
| #define PACKAGE_NAME "libqhyccd"
| #define PACKAGE_TARNAME "libqhyccd"
| #define PACKAGE_VERSION "0.1.0"
| #define PACKAGE_STRING "libqhyccd 0.1.0"
| #define PACKAGE_BUGREPORT "yangxudong.cn@gmail.com"
| #define PACKAGE_URL ""
| #define PACKAGE "libqhyccd"
| #define VERSION "0.1.0"
| #define STDC_HEADERS 1
| #define HAVE_SYS_TYPES_H 1
| #define HAVE_SYS_STAT_H 1
| #define HAVE_STDLIB_H 1
| #define HAVE_STRING_H 1
| #define HAVE_MEMORY_H 1
| #define HAVE_STRINGS_H 1
| #define HAVE_INTTYPES_H 1
| #define HAVE_STDINT_H 1
| #define HAVE_UNISTD_H 1
| #define HAVE_DLFCN_H 1
| #define LT_OBJDIR ".libs/"
| /* end confdefs.h.  */
| 
| /* Override any GCC internal prototype to avoid an error.
|    Use char because int might match the return type of a GCC
|    builtin and then its argument prototype would still apply.  */
| #ifdef __cplusplus
| extern "C"
| #endif
| char libusb_init ();
| int
| main ()
| {
| return libusb_init ();
|   ;
|   return 0;
| }
configure:10589: result: no
configure:10604: checking for ssize_t
configure:10604: gcc -c -g -O2  conftest.c >&5
configure:10604: $? = 0
configure:10604: gcc -c -g -O2  conftest.c >&5
conftest.c: In function 'main':
conftest.c:59:22: error: expected expression before ')' token
configure:10604: $? = 1
configure: failed program was:
| /* confdefs.h */
| #define PACKAGE_NAME "libqhyccd"
| #define PACKAGE_TARNAME "libqhyccd"
| #define PACKAGE_VERSION "0.1.0"
| #define PACKAGE_STRING "libqhyccd 0.1.0"
| #define PACKAGE_BUGREPORT "yangxudong.cn@gmail.com"
| #define PACKAGE_URL ""
| #define PACKAGE "libqhyccd"
| #define VERSION "0.1.0"
| #define STDC_HEADERS 1
| #define HAVE_SYS_TYPES_H 1
| #define HAVE_SYS_STAT_H 1
| #define HAVE_STDLIB_H 1
| #define HAVE_STRING_H 1
| #define HAVE_MEMORY_H 1
| #define HAVE_STRINGS_H 1
| #define HAVE_INTTYPES_H 1
| #define HAVE_STDINT_H 1
| #define HAVE_UNISTD_H 1
| #define HAVE_DLFCN_H 1
| #define LT_OBJDIR ".libs/"
| /* end confdefs.h.  */
| #include <stdio.h>
| #ifdef HAVE_SYS_TYPES_H
| # include <sys/types.h>
| #endif
| #ifdef HAVE_SYS_STAT_H
| # include <sys/stat.h>
| #endif
| #ifdef STDC_HEADERS
| # include <stdlib.h>
| # include <stddef.h>
| #else
| # ifdef HAVE_STDLIB_H
| #  include <stdlib.h>
| # endif
| #endif
| #ifdef HAVE_STRING_H
| # if !defined STDC_HEADERS && defined HAVE_MEMORY_H
| #  include <memory.h>
| # endif
| # include <string.h>
| #endif
| #ifdef HAVE_STRINGS_H
| # include <strings.h>
| #endif
| #ifdef HAVE_INTTYPES_H
| # include <inttypes.h>
| #endif
| #ifdef HAVE_STDINT_H
| # include <stdint.h>
| #endif
| #ifdef HAVE_UNISTD_H
| # include <unistd.h>
| #endif
| int
| main ()
| {
| if (sizeof ((ssize_t)))
| 	    return 0;
|   ;
|   return 0;
| }
configure:10604: result: yes
configure:10615: checking for uint16_t
configure:10615: gcc -c -g -O2  conftest.c >&5
configure:10615: $? = 0
configure:10615: result: yes
configure:10627: checking for uint8_t
configure:10627: gcc -c -g -O2  conftest.c >&5
configure:10627: $? = 0
configure:10627: result: yes
configure:10645: checking for stdlib.h
configure:10645: result: yes
configure:10655: checking for GNU libc compatible malloc
configure:10679: gcc -o conftest -g -O2   conftest.c  >&5
configure:10679: $? = 0
configure:10679: ./conftest
configure:10679: $? = 0
configure:10689: result: yes
configure:10712: checking for stdlib.h
configure:10712: result: yes
configure:10722: checking for GNU libc compatible realloc
configure:10746: gcc -o conftest -g -O2   conftest.c  >&5
configure:10746: $? = 0
configure:10746: ./conftest
configure:10746: $? = 0
configure:10756: result: yes
configure:10904: creating ./config.status

## ---------------------- ##
## Running config.status. ##
## ---------------------- ##

This file was extended by libqhyccd config.status 0.1.0, which was
generated by GNU Autoconf 2.65.  Invocation command line was

  CONFIG_FILES    = 
  CONFIG_HEADERS  = 
  CONFIG_LINKS    = 
  CONFIG_COMMANDS = 
  $ ./config.status 

on aaa-virtual-machine

config.status:1070: creating Makefile
config.status:1070: creating firmware/Makefile
config.status:1070: creating udev/Makefile
config.status:1070: creating config.h
config.status:1242: config.h is unchanged
config.status:1290: executing depfiles commands
config.status:1290: executing libtool commands

## ---------------- ##
## Cache variables. ##
## ---------------- ##

ac_cv_build=i686-pc-linux-gnu
ac_cv_c_compiler_gnu=yes
ac_cv_c_uint16_t=yes
ac_cv_c_uint8_t=yes
ac_cv_env_CC_set=
ac_cv_env_CC_value=
ac_cv_env_CFLAGS_set=
ac_cv_env_CFLAGS_value=
ac_cv_env_CPPFLAGS_set=
ac_cv_env_CPPFLAGS_value=
ac_cv_env_CPP_set=
ac_cv_env_CPP_value=
ac_cv_env_LDFLAGS_set=
ac_cv_env_LDFLAGS_value=
ac_cv_env_LIBS_set=
ac_cv_env_LIBS_value=
ac_cv_env_build_alias_set=
ac_cv_env_build_alias_value=
ac_cv_env_host_alias_set=
ac_cv_env_host_alias_value=
ac_cv_env_target_alias_set=
ac_cv_env_target_alias_value=
ac_cv_file__sbin_fxload=yes
ac_cv_func_malloc_0_nonnull=yes
ac_cv_func_realloc_0_nonnull=yes
ac_cv_header_dlfcn_h=yes
ac_cv_header_inttypes_h=yes
ac_cv_header_memory_h=yes
ac_cv_header_stdc=yes
ac_cv_header_stdint_h=yes
ac_cv_header_stdlib_h=yes
ac_cv_header_string_h=yes
ac_cv_header_strings_h=yes
ac_cv_header_sys_stat_h=yes
ac_cv_header_sys_types_h=yes
ac_cv_header_unistd_h=yes
ac_cv_host=i686-pc-linux-gnu
ac_cv_lib_usb_libusb_init=no
ac_cv_objext=o
ac_cv_path_EGREP='/bin/grep -E'
ac_cv_path_FGREP='/bin/grep -F'
ac_cv_path_GREP=/bin/grep
ac_cv_path_SED=/bin/sed
ac_cv_path_install='/usr/bin/install -c'
ac_cv_path_mkdir=/bin/mkdir
ac_cv_prog_AWK=gawk
ac_cv_prog_CPP='gcc -E'
ac_cv_prog_ac_ct_AR=ar
ac_cv_prog_ac_ct_CC=gcc
ac_cv_prog_ac_ct_OBJDUMP=objdump
ac_cv_prog_ac_ct_RANLIB=ranlib
ac_cv_prog_ac_ct_STRIP=strip
ac_cv_prog_cc_c89=
ac_cv_prog_cc_g=yes
ac_cv_prog_make_make_set=yes
ac_cv_type_ssize_t=yes
am_cv_CC_dependencies_compiler_type=gcc3
lt_cv_deplibs_check_method=pass_all
lt_cv_file_magic_cmd='$MAGIC_CMD'
lt_cv_file_magic_test_file=
lt_cv_ld_reload_flag=-r
lt_cv_nm_interface='BSD nm'
lt_cv_objdir=.libs
lt_cv_path_LD=/usr/bin/ld
lt_cv_path_NM='/usr/bin/nm -B'
lt_cv_prog_compiler_c_o=yes
lt_cv_prog_compiler_pic_works=yes
lt_cv_prog_compiler_rtti_exceptions=no
lt_cv_prog_compiler_static_works=yes
lt_cv_prog_gnu_ld=yes
lt_cv_sys_global_symbol_pipe='sed -n -e '\''s/^.*[	 ]\([ABCDGIRSTW][ABCDGIRSTW]*\)[	 ][	 ]*\([_A-Za-z][_A-Za-z0-9]*\)$/\1 \2 \2/p'\'''
lt_cv_sys_global_symbol_to_c_name_address='sed -n -e '\''s/^: \([^ ]*\) $/  {\"\1\", (void *) 0},/p'\'' -e '\''s/^[ABCDGIRSTW]* \([^ ]*\) \([^ ]*\)$/  {"\2", (void *) \&\2},/p'\'''
lt_cv_sys_global_symbol_to_c_name_address_lib_prefix='sed -n -e '\''s/^: \([^ ]*\) $/  {\"\1\", (void *) 0},/p'\'' -e '\''s/^[ABCDGIRSTW]* \([^ ]*\) \(lib[^ ]*\)$/  {"\2", (void *) \&\2},/p'\'' -e '\''s/^[ABCDGIRSTW]* \([^ ]*\) \([^ ]*\)$/  {"lib\2", (void *) \&\2},/p'\'''
lt_cv_sys_global_symbol_to_cdecl='sed -n -e '\''s/^T .* \(.*\)$/extern int \1();/p'\'' -e '\''s/^[ABCDGIRSTW]* .* \(.*\)$/extern char \1;/p'\'''
lt_cv_sys_max_cmd_len=1572864

## ----------------- ##
## Output variables. ##
## ----------------- ##

ACLOCAL='${SHELL} /opt/QHYCCD/QHYCCD_Linux/missing --run aclocal-1.11'
AMDEPBACKSLASH='\'
AMDEP_FALSE='#'
AMDEP_TRUE=''
AMTAR='${SHELL} /opt/QHYCCD/QHYCCD_Linux/missing --run tar'
AM_CFLAGS='-Wall -Wundef -Wunused -Wstrict-prototypes -Werror-implicit-function-declaration -Wshadow'
AM_LDFLAGS=''
AR='ar'
AUTOCONF='${SHELL} /opt/QHYCCD/QHYCCD_Linux/missing --run autoconf'
AUTOHEADER='${SHELL} /opt/QHYCCD/QHYCCD_Linux/missing --run autoheader'
AUTOMAKE='${SHELL} /opt/QHYCCD/QHYCCD_Linux/missing --run automake-1.11'
AWK='gawk'
CC='gcc'
CCDEPMODE='depmode=gcc3'
CFLAGS='-g -O2'
CPP='gcc -E'
CPPFLAGS=''
CYGPATH_W='echo'
DEFS='-DHAVE_CONFIG_H'
DEPDIR='.deps'
DSYMUTIL=''
DUMPBIN=''
ECHO_C=''
ECHO_N='-n'
ECHO_T=''
EGREP='/bin/grep -E'
EXEEXT=''
FGREP='/bin/grep -F'
GREP='/bin/grep'
INSTALL_DATA='${INSTALL} -m 644'
INSTALL_PROGRAM='${INSTALL}'
INSTALL_SCRIPT='${INSTALL}'
INSTALL_STRIP_PROGRAM='$(install_sh) -c -s'
LD='/usr/bin/ld'
LDFLAGS=''
LIBOBJS=''
LIBS=''
LIBTOOL='$(SHELL) $(top_builddir)/libtool'
LIPO=''
LN_S='ln -s'
LTLIBOBJS=''
MAKEINFO='${SHELL} /opt/QHYCCD/QHYCCD_Linux/missing --run makeinfo'
MKDIR_P='/bin/mkdir -p'
NM='/usr/bin/nm -B'
NMEDIT=''
OBJDUMP='objdump'
OBJEXT='o'
OTOOL64=''
OTOOL=''
PACKAGE='libqhyccd'
PACKAGE_BUGREPORT='yangxudong.cn@gmail.com'
PACKAGE_NAME='libqhyccd'
PACKAGE_STRING='libqhyccd 0.1.0'
PACKAGE_TARNAME='libqhyccd'
PACKAGE_URL=''
PACKAGE_VERSION='0.1.0'
PATH_SEPARATOR=':'
RANLIB='ranlib'
SED='/bin/sed'
SET_MAKE=''
SHELL='/bin/bash'
STRIP='strip'
VERSION='0.1.0'
ac_ct_CC='gcc'
ac_ct_DUMPBIN=''
am__EXEEXT_FALSE=''
am__EXEEXT_TRUE='#'
am__fastdepCC_FALSE='#'
am__fastdepCC_TRUE=''
am__include='include'
am__isrc=''
am__leading_dot='.'
am__quote=''
am__tar='${AMTAR} chof - "$$tardir"'
am__untar='${AMTAR} xf -'
bindir='${exec_prefix}/bin'
build='i686-pc-linux-gnu'
build_alias=''
build_cpu='i686'
build_os='linux-gnu'
build_vendor='pc'
datadir='${datarootdir}'
datarootdir='${prefix}/share'
docdir='${datarootdir}/doc/${PACKAGE_TARNAME}'
dvidir='${docdir}'
exec_prefix='${prefix}'
host='i686-pc-linux-gnu'
host_alias=''
host_cpu='i686'
host_os='linux-gnu'
host_vendor='pc'
htmldir='${docdir}'
includedir='${prefix}/include'
infodir='${datarootdir}/info'
install_sh='${SHELL} /opt/QHYCCD/QHYCCD_Linux/install-sh'
libdir='${exec_prefix}/lib'
libexecdir='${exec_prefix}/libexec'
localedir='${datarootdir}/locale'
localstatedir='${prefix}/var'
lt_ECHO='echo'
mandir='${datarootdir}/man'
mkdir_p='/bin/mkdir -p'
oldincludedir='/usr/include'
pdfdir='${docdir}'
prefix='/usr'
program_transform_name='s,x,x,'
psdir='${docdir}'
sbindir='${exec_prefix}/sbin'
sharedstatedir='${prefix}/com'
sysconfdir='${prefix}/etc'
target_alias=''

## ----------- ##
## confdefs.h. ##
## ----------- ##

/* confdefs.h */
#define PACKAGE_NAME "libqhyccd"
#define PACKAGE_TARNAME "libqhyccd"
#define PACKAGE_VERSION "0.1.0"
#define PACKAGE_STRING "libqhyccd 0.1.0"
#define PACKAGE_BUGREPORT "yangxudong.cn@gmail.com"
#define PACKAGE_URL ""
#define PACKAGE "libqhyccd"
#define VERSION "0.1.0"
#define STDC_HEADERS 1
#define HAVE_SYS_TYPES_H 1
#define HAVE_SYS_STAT_H 1
#define HAVE_STDLIB_H 1
#define HAVE_STRING_H 1
#define HAVE_MEMORY_H 1
#define HAVE_STRINGS_H 1
#define HAVE_INTTYPES_H 1
#define HAVE_STDINT_H 1
#define HAVE_UNISTD_H 1
#define HAVE_DLFCN_H 1
#define LT_OBJDIR ".libs/"
#define HAVE_STDLIB_H 1
#define HAVE_MALLOC 1
#define HAVE_STDLIB_H 1
#define HAVE_REALLOC 1

configure: exit 0
